<?xml version="1.0" encoding="UTF-8"?>
<!-- Generated by org.testng.reporters.JUnitReportReporter -->
<testsuite skipped="0" hostname="DESKTOP-46RI3CE" name="Testingmvn.Testsecond" tests="4" failures="0" timestamp="2020-06-29T17:14:24 IST" time="0.044" errors="0">
  <testcase name="second" time="0.008" classname="Testingmvn.Testsecond"/>
  <system-out/>
  <testcase name="second" time="0.009" classname="Testingmvn.Testsecond"/>
  <system-out/>
  <testcase name="first" time="0.012" classname="Testingmvn.Testsecond"/>
  <system-out/>
  <testcase name="second" time="0.015" classname="Testingmvn.Testsecond"/>
  <system-out/>
</testsuite> <!-- Testingmvn.Testsecond -->
