<?xml version="1.0" encoding="UTF-8"?>
<!-- Generated by org.testng.reporters.JUnitReportReporter -->
<testsuite skipped="0" hostname="DESKTOP-46RI3CE" name="Testingmvn.Testmvn" tests="3" failures="0" timestamp="2020-06-29T18:28:15 IST" time="0.024" errors="0">
  <testcase name="second" time="0.008" classname="Testingmvn.Testmvn"/>
  <system-out/>
  <testcase name="first" time="0.013" classname="Testingmvn.Testmvn"/>
  <system-out/>
  <testcase name="third" time="0.003" classname="Testingmvn.Testmvn"/>
  <system-out/>
</testsuite> <!-- Testingmvn.Testmvn -->
