<?xml version="1.0" encoding="UTF-8"?>
<!-- Generated by org.testng.reporters.JUnitReportReporter -->
<testsuite skipped="0" hostname="DESKTOP-46RI3CE" name="Testingmvn.Testsecond" tests="4" failures="0" timestamp="2020-06-29T18:28:15 IST" time="0.033" errors="0">
  <testcase name="second" time="0.003" classname="Testingmvn.Testsecond"/>
  <system-out/>
  <testcase name="first" time="0.011" classname="Testingmvn.Testsecond"/>
  <system-out/>
  <testcase name="second" time="0.010" classname="Testingmvn.Testsecond"/>
  <system-out/>
  <testcase name="second" time="0.009" classname="Testingmvn.Testsecond"/>
  <system-out/>
</testsuite> <!-- Testingmvn.Testsecond -->
